<?xml version="1.0" encoding="UTF-8"?>
<!-- Generated by org.testng.reporters.JUnitXMLReporter -->
<testsuite hostname="MicroSoftUpdate" ignored="1" name="Default test" tests="1" failures="0" timestamp="2021-12-17T22:20:46 IST" time="35.891" errors="0">
  <testcase name="validateLoginTest" time="15.6" classname="qa.sdt.test.LoginPageTest"/>
  <testcase name="validateCRMLogoTest" time="0.0" classname="qa.sdt.test.LoginPageTest">
    <ignored/>
  </testcase> <!-- validateCRMLogoTest -->
</testsuite> <!-- Default test -->
