<?xml version="1.0" encoding="UTF-8"?>
<testng-results skipped="0" failed="0" ignored="1" total="2" passed="1">
  <reporter-output>
  </reporter-output>
  <suite name="Default suite" duration-ms="35891" started-at="2021-12-17T22:20:11 IST" finished-at="2021-12-17T22:20:46 IST">
    <groups>
    </groups>
    <test name="Default test" duration-ms="35891" started-at="2021-12-17T22:20:11 IST" finished-at="2021-12-17T22:20:46 IST">
      <class name="qa.sdt.test.LoginPageTest">
        <test-method status="PASS" signature="setUp()[pri:0, instance:qa.sdt.test.LoginPageTest@7113b13f]" name="setUp" is-config="true" duration-ms="20053" started-at="2021-12-17T22:20:11 IST" finished-at="2021-12-17T22:20:31 IST">
          <reporter-output>
          </reporter-output>
        </test-method> <!-- setUp -->
        <test-method status="PASS" signature="validateLoginTest()[pri:1, instance:qa.sdt.test.LoginPageTest@7113b13f]" name="validateLoginTest" duration-ms="15600" started-at="2021-12-17T22:20:31 IST" finished-at="2021-12-17T22:20:46 IST">
          <reporter-output>
          </reporter-output>
        </test-method> <!-- validateLoginTest -->
        <test-method status="PASS" signature="closeResources()[pri:0, instance:qa.sdt.test.LoginPageTest@7113b13f]" name="closeResources" is-config="true" duration-ms="124" started-at="2021-12-17T22:20:46 IST" finished-at="2021-12-17T22:20:46 IST">
          <reporter-output>
          </reporter-output>
        </test-method> <!-- closeResources -->
      </class> <!-- qa.sdt.test.LoginPageTest -->
    </test> <!-- Default test -->
  </suite> <!-- Default suite -->
</testng-results>
